<?xml version="1.0" encoding="UTF-8"?>
<!-- Generated by org.testng.reporters.JUnitReportReporter -->
<testsuite hostname="DESKTOP-47P2MTB" failures="0" tests="3" name="api.test.PetTest" time="10.039" errors="0" timestamp="2024-12-01T14:36:16 IST" skipped="0">
  <testcase classname="api.test.PetTest" name="testAddNewPetPostResponse" time="1.625"/>
  <testcase classname="api.test.PetTest" name="testAddNewPetPostResponse" time="1.891"/>
  <testcase classname="api.test.PetTest" name="testAddNewPetPostResponse" time="6.523"/>
</testsuite> <!-- api.test.PetTest -->
