<?xml version="1.0" encoding="UTF-8"?>
<!-- Generated by org.testng.reporters.JUnitReportReporter -->
<testsuite hostname="DESKTOP-47P2MTB" failures="0" tests="1" name="api.test.PetTest" time="7.643" errors="0" timestamp="2024-12-04T22:59:27 IST" skipped="0">
  <testcase classname="api.test.PetTest" name="testUpdatePetPuTResponse" time="7.643"/>
</testsuite> <!-- api.test.PetTest -->
