<?xml version="1.0" encoding="UTF-8"?>
<!-- Generated by org.testng.reporters.JUnitReportReporter -->
<testsuite hostname="DESKTOP-47P2MTB" failures="0" tests="1" name="api.test.UserTest" time="5.402" errors="0" timestamp="2024-10-12T21:42:27 IST" skipped="0">
  <testcase classname="api.test.UserTest" name="testPostUserResponseStatusCode" time="5.402"/>
</testsuite> <!-- api.test.UserTest -->
