<?xml version="1.0" encoding="UTF-8"?>
<!-- Generated by org.testng.reporters.JUnitReportReporter -->
<testsuite hostname="DESKTOP-47P2MTB" failures="1" tests="37" name="api.test.UserTest" time="13.620" errors="2" timestamp="2024-10-23T17:59:02 IST" skipped="0">
  <testcase classname="api.test.UserTest" name="createUser_shouldReturn200StatusCode" time="1.449"/>
  <testcase classname="api.test.UserTest" name="createUser_shouldRespondWithinExpectedTime" time="0.002"/>
  <testcase classname="api.test.UserTest" name="createUser_shouldReturnCorrectContentTypeHeader" time="0.002"/>
  <testcase classname="api.test.UserTest" name="createUser_shouldReturnValidResponseFieldTypes" time="0.002"/>
  <testcase classname="api.test.UserTest" name="createUser_shouldReturnCorrectFieldValues" time="0.039"/>
  <testcase classname="api.test.UserTest" name="createUser_shouldMatchJsonSchema" time="0.024"/>
  <testcase classname="api.test.UserTest" name="getUser_shouldReturn200StatusCode" time="1.352"/>
  <testcase classname="api.test.UserTest" name="getUser_shouldRespondWithinExpectedTime" time="0.002"/>
  <testcase classname="api.test.UserTest" name="getUser_shouldReturnCorrectContentTypeHeader" time="0.002"/>
  <testcase classname="api.test.UserTest" name="getUser_shouldReturnValidResponseFieldTypes" time="0.003"/>
  <testcase classname="api.test.UserTest" name="getUser_shouldReturnCorrectFieldValues" time="0.513"/>
  <testcase classname="api.test.UserTest" name="updateUser_shouldReturn200StatusCode" time="1.469"/>
  <testcase classname="api.test.UserTest" name="updateUser_shouldRespondWithinExpectedTime" time="0.004"/>
  <testcase classname="api.test.UserTest" name="updateUser_shouldReturnCorrectContentTypeHeader" time="0.002"/>
  <testcase classname="api.test.UserTest" name="updateUser_shouldReturnValidResponseFieldTypes" time="0.002">
    <error message="JSONObject[&quot;id&quot;] not found." type="org.json.JSONException">
      <![CDATA[org.json.JSONException: JSONObject["id"] not found.
at org.json.JSONObject.get(JSONObject.java:570)
at api.test.UserTest.updateUser_shouldReturnValidResponseFieldTypes(UserTest.java:619)
at java.base/jdk.internal.reflect.NativeMethodAccessorImpl.invoke0(Native Method)
at java.base/jdk.internal.reflect.NativeMethodAccessorImpl.invoke(NativeMethodAccessorImpl.java:77)
at java.base/jdk.internal.reflect.DelegatingMethodAccessorImpl.invoke(DelegatingMethodAccessorImpl.java:43)
at java.base/java.lang.reflect.Method.invoke(Method.java:568)
at org.testng.internal.invokers.MethodInvocationHelper.invokeMethod(MethodInvocationHelper.java:139)
at org.testng.internal.invokers.TestInvoker.invokeMethod(TestInvoker.java:664)
at org.testng.internal.invokers.TestInvoker.invokeTestMethod(TestInvoker.java:227)
at org.testng.internal.invokers.MethodRunner.runInSequence(MethodRunner.java:50)
at org.testng.internal.invokers.TestInvoker$MethodInvocationAgent.invoke(TestInvoker.java:957)
at org.testng.internal.invokers.TestInvoker.invokeTestMethods(TestInvoker.java:200)
at org.testng.internal.invokers.TestMethodWorker.invokeTestMethods(TestMethodWorker.java:148)
at org.testng.internal.invokers.TestMethodWorker.run(TestMethodWorker.java:128)
at java.base/java.util.ArrayList.forEach(ArrayList.java:1511)
at org.testng.TestRunner.privateRun(TestRunner.java:848)
at org.testng.TestRunner.run(TestRunner.java:621)
at org.testng.SuiteRunner.runTest(SuiteRunner.java:443)
at org.testng.SuiteRunner.runSequentially(SuiteRunner.java:437)
at org.testng.SuiteRunner.privateRun(SuiteRunner.java:397)
at org.testng.SuiteRunner.run(SuiteRunner.java:336)
at org.testng.SuiteRunnerWorker.runSuite(SuiteRunnerWorker.java:52)
at org.testng.SuiteRunnerWorker.run(SuiteRunnerWorker.java:95)
at org.testng.TestNG.runSuitesSequentially(TestNG.java:1280)
at org.testng.TestNG.runSuitesLocally(TestNG.java:1200)
at org.testng.TestNG.runSuites(TestNG.java:1114)
at org.testng.TestNG.run(TestNG.java:1082)
at org.apache.maven.surefire.testng.TestNGExecutor.run(TestNGExecutor.java:155)
at org.apache.maven.surefire.testng.TestNGDirectoryTestSuite.executeMulti(TestNGDirectoryTestSuite.java:169)
at org.apache.maven.surefire.testng.TestNGDirectoryTestSuite.execute(TestNGDirectoryTestSuite.java:88)
at org.apache.maven.surefire.testng.TestNGProvider.invoke(TestNGProvider.java:137)
at org.apache.maven.surefire.booter.ForkedBooter.runSuitesInProcess(ForkedBooter.java:385)
at org.apache.maven.surefire.booter.ForkedBooter.execute(ForkedBooter.java:162)
at org.apache.maven.surefire.booter.ForkedBooter.run(ForkedBooter.java:507)
at org.apache.maven.surefire.booter.ForkedBooter.main(ForkedBooter.java:495)
]]>
    </error>
  </testcase> <!-- updateUser_shouldReturnValidResponseFieldTypes -->
  <testcase classname="api.test.UserTest" name="updateUser_shouldReturnCorrectFieldValues" time="0.078">
    <error message="Cannot invoke &quot;java.lang.Integer.intValue()&quot; because the return value of &quot;io.restassured.response.ExtractableResponse.path(String, String[])&quot; is null" type="java.lang.NullPointerException">
      <![CDATA[java.lang.NullPointerException: Cannot invoke "java.lang.Integer.intValue()" because the return value of "io.restassured.response.ExtractableResponse.path(String, String[])" is null
at api.test.UserTest.updateUser_shouldReturnCorrectFieldValues(UserTest.java:658)
at java.base/jdk.internal.reflect.NativeMethodAccessorImpl.invoke0(Native Method)
at java.base/jdk.internal.reflect.NativeMethodAccessorImpl.invoke(NativeMethodAccessorImpl.java:77)
at java.base/jdk.internal.reflect.DelegatingMethodAccessorImpl.invoke(DelegatingMethodAccessorImpl.java:43)
at java.base/java.lang.reflect.Method.invoke(Method.java:568)
at org.testng.internal.invokers.MethodInvocationHelper.invokeMethod(MethodInvocationHelper.java:139)
at org.testng.internal.invokers.TestInvoker.invokeMethod(TestInvoker.java:664)
at org.testng.internal.invokers.TestInvoker.invokeTestMethod(TestInvoker.java:227)
at org.testng.internal.invokers.MethodRunner.runInSequence(MethodRunner.java:50)
at org.testng.internal.invokers.TestInvoker$MethodInvocationAgent.invoke(TestInvoker.java:957)
at org.testng.internal.invokers.TestInvoker.invokeTestMethods(TestInvoker.java:200)
at org.testng.internal.invokers.TestMethodWorker.invokeTestMethods(TestMethodWorker.java:148)
at org.testng.internal.invokers.TestMethodWorker.run(TestMethodWorker.java:128)
at java.base/java.util.ArrayList.forEach(ArrayList.java:1511)
at org.testng.TestRunner.privateRun(TestRunner.java:848)
at org.testng.TestRunner.run(TestRunner.java:621)
at org.testng.SuiteRunner.runTest(SuiteRunner.java:443)
at org.testng.SuiteRunner.runSequentially(SuiteRunner.java:437)
at org.testng.SuiteRunner.privateRun(SuiteRunner.java:397)
at org.testng.SuiteRunner.run(SuiteRunner.java:336)
at org.testng.SuiteRunnerWorker.runSuite(SuiteRunnerWorker.java:52)
at org.testng.SuiteRunnerWorker.run(SuiteRunnerWorker.java:95)
at org.testng.TestNG.runSuitesSequentially(TestNG.java:1280)
at org.testng.TestNG.runSuitesLocally(TestNG.java:1200)
at org.testng.TestNG.runSuites(TestNG.java:1114)
at org.testng.TestNG.run(TestNG.java:1082)
at org.apache.maven.surefire.testng.TestNGExecutor.run(TestNGExecutor.java:155)
at org.apache.maven.surefire.testng.TestNGDirectoryTestSuite.executeMulti(TestNGDirectoryTestSuite.java:169)
at org.apache.maven.surefire.testng.TestNGDirectoryTestSuite.execute(TestNGDirectoryTestSuite.java:88)
at org.apache.maven.surefire.testng.TestNGProvider.invoke(TestNGProvider.java:137)
at org.apache.maven.surefire.booter.ForkedBooter.runSuitesInProcess(ForkedBooter.java:385)
at org.apache.maven.surefire.booter.ForkedBooter.execute(ForkedBooter.java:162)
at org.apache.maven.surefire.booter.ForkedBooter.run(ForkedBooter.java:507)
at org.apache.maven.surefire.booter.ForkedBooter.main(ForkedBooter.java:495)
]]>
    </error>
  </testcase> <!-- updateUser_shouldReturnCorrectFieldValues -->
  <testcase classname="api.test.UserTest" name="updateUser_shouldMatchJsonSchema" time="0.024">
    <failure message="1 expectation failed.
Response body doesn&#039;t match expectation.
Expected: The content to match the given JSON schema.
error: object instance has properties which are not allowed by the schema: [&quot;code&quot;,&quot;message&quot;,&quot;type&quot;]
    level: &quot;error&quot;
    schema: {&quot;loadingURI&quot;:&quot;#&quot;,&quot;pointer&quot;:&quot;/definitions/Welcome2&quot;}
    instance: {&quot;pointer&quot;:&quot;&quot;}
    domain: &quot;validation&quot;
    keyword: &quot;additionalProperties&quot;
    unwanted: [&quot;code&quot;,&quot;message&quot;,&quot;type&quot;]
error: object has missing required properties ([&quot;email&quot;,&quot;firstName&quot;,&quot;id&quot;,&quot;lastName&quot;,&quot;password&quot;,&quot;phone&quot;,&quot;userStatus&quot;,&quot;username&quot;])
    level: &quot;error&quot;
    schema: {&quot;loadingURI&quot;:&quot;#&quot;,&quot;pointer&quot;:&quot;/definitions/Welcome2&quot;}
    instance: {&quot;pointer&quot;:&quot;&quot;}
    domain: &quot;validation&quot;
    keyword: &quot;required&quot;
    required: [&quot;email&quot;,&quot;firstName&quot;,&quot;id&quot;,&quot;lastName&quot;,&quot;password&quot;,&quot;phone&quot;,&quot;userStatus&quot;,&quot;username&quot;]
    missing: [&quot;email&quot;,&quot;firstName&quot;,&quot;id&quot;,&quot;lastName&quot;,&quot;password&quot;,&quot;phone&quot;,&quot;userStatus&quot;,&quot;username&quot;]

  Actual: {&quot;code&quot;:200,&quot;type&quot;:&quot;unknown&quot;,&quot;message&quot;:&quot;1583772475&quot;}
" type="java.lang.AssertionError">
      <![CDATA[java.lang.AssertionError: 1 expectation failed.
Response body doesn't match expectation.
Expected: The content to match the given JSON schema.
error: object instance has properties which are not allowed by the schema: ["code","message","type"]
    level: "error"
    schema: {"loadingURI":"#","pointer":"/definitions/Welcome2"}
    instance: {"pointer":""}
    domain: "validation"
    keyword: "additionalProperties"
    unwanted: ["code","message","type"]
error: object has missing required properties (["email","firstName","id","lastName","password","phone","userStatus","username"])
    level: "error"
    schema: {"loadingURI":"#","pointer":"/definitions/Welcome2"}
    instance: {"pointer":""}
    domain: "validation"
    keyword: "required"
    required: ["email","firstName","id","lastName","password","phone","userStatus","username"]
    missing: ["email","firstName","id","lastName","password","phone","userStatus","username"]

  Actual: {"code":200,"type":"unknown","message":"1583772475"}

at java.base/jdk.internal.reflect.NativeConstructorAccessorImpl.newInstance0(Native Method)
at java.base/jdk.internal.reflect.NativeConstructorAccessorImpl.newInstance(NativeConstructorAccessorImpl.java:77)
at java.base/jdk.internal.reflect.DelegatingConstructorAccessorImpl.newInstance(DelegatingConstructorAccessorImpl.java:45)
at java.base/java.lang.reflect.Constructor.newInstanceWithCaller(Constructor.java:499)
at java.base/java.lang.reflect.Constructor.newInstance(Constructor.java:480)
at org.codehaus.groovy.reflection.CachedConstructor.invoke(CachedConstructor.java:73)
at org.codehaus.groovy.runtime.callsite.ConstructorSite$ConstructorSiteNoUnwrapNoCoerce.callConstructor(ConstructorSite.java:108)
at org.codehaus.groovy.runtime.callsite.AbstractCallSite.callConstructor(AbstractCallSite.java:277)
at io.restassured.internal.ResponseSpecificationImpl$HamcrestAssertionClosure.validate(ResponseSpecificationImpl.groovy:512)
at io.restassured.internal.ResponseSpecificationImpl$HamcrestAssertionClosure$validate$1.call(Unknown Source)
at io.restassured.internal.ResponseSpecificationImpl.validateResponseIfRequired(ResponseSpecificationImpl.groovy:696)
at io.restassured.internal.ResponseSpecificationImpl.this$2$validateResponseIfRequired(ResponseSpecificationImpl.groovy)
at java.base/jdk.internal.reflect.NativeMethodAccessorImpl.invoke0(Native Method)
at java.base/jdk.internal.reflect.NativeMethodAccessorImpl.invoke(NativeMethodAccessorImpl.java:77)
at java.base/jdk.internal.reflect.DelegatingMethodAccessorImpl.invoke(DelegatingMethodAccessorImpl.java:43)
at java.base/java.lang.reflect.Method.invoke(Method.java:568)
at org.codehaus.groovy.runtime.callsite.PlainObjectMetaMethodSite.doInvoke(PlainObjectMetaMethodSite.java:43)
at org.codehaus.groovy.runtime.callsite.PogoMetaMethodSite$PogoCachedMethodSiteNoUnwrapNoCoerce.invoke(PogoMetaMethodSite.java:198)
at org.codehaus.groovy.runtime.callsite.PogoMetaMethodSite.callCurrent(PogoMetaMethodSite.java:62)
at org.codehaus.groovy.runtime.callsite.AbstractCallSite.callCurrent(AbstractCallSite.java:185)
at io.restassured.internal.ResponseSpecificationImpl.body(ResponseSpecificationImpl.groovy:107)
at io.restassured.internal.ValidatableResponseOptionsImpl.body(ValidatableResponseOptionsImpl.java:238)
at api.test.UserTest.updateUser_shouldMatchJsonSchema(UserTest.java:697)
at java.base/jdk.internal.reflect.NativeMethodAccessorImpl.invoke0(Native Method)
at java.base/jdk.internal.reflect.NativeMethodAccessorImpl.invoke(NativeMethodAccessorImpl.java:77)
at java.base/jdk.internal.reflect.DelegatingMethodAccessorImpl.invoke(DelegatingMethodAccessorImpl.java:43)
at java.base/java.lang.reflect.Method.invoke(Method.java:568)
at org.testng.internal.invokers.MethodInvocationHelper.invokeMethod(MethodInvocationHelper.java:139)
at org.testng.internal.invokers.TestInvoker.invokeMethod(TestInvoker.java:664)
at org.testng.internal.invokers.TestInvoker.invokeTestMethod(TestInvoker.java:227)
at org.testng.internal.invokers.MethodRunner.runInSequence(MethodRunner.java:50)
at org.testng.internal.invokers.TestInvoker$MethodInvocationAgent.invoke(TestInvoker.java:957)
at org.testng.internal.invokers.TestInvoker.invokeTestMethods(TestInvoker.java:200)
at org.testng.internal.invokers.TestMethodWorker.invokeTestMethods(TestMethodWorker.java:148)
at org.testng.internal.invokers.TestMethodWorker.run(TestMethodWorker.java:128)
at java.base/java.util.ArrayList.forEach(ArrayList.java:1511)
at org.testng.TestRunner.privateRun(TestRunner.java:848)
at org.testng.TestRunner.run(TestRunner.java:621)
at org.testng.SuiteRunner.runTest(SuiteRunner.java:443)
at org.testng.SuiteRunner.runSequentially(SuiteRunner.java:437)
at org.testng.SuiteRunner.privateRun(SuiteRunner.java:397)
at org.testng.SuiteRunner.run(SuiteRunner.java:336)
at org.testng.SuiteRunnerWorker.runSuite(SuiteRunnerWorker.java:52)
at org.testng.SuiteRunnerWorker.run(SuiteRunnerWorker.java:95)
at org.testng.TestNG.runSuitesSequentially(TestNG.java:1280)
at org.testng.TestNG.runSuitesLocally(TestNG.java:1200)
at org.testng.TestNG.runSuites(TestNG.java:1114)
at org.testng.TestNG.run(TestNG.java:1082)
at org.apache.maven.surefire.testng.TestNGExecutor.run(TestNGExecutor.java:155)
at org.apache.maven.surefire.testng.TestNGDirectoryTestSuite.executeMulti(TestNGDirectoryTestSuite.java:169)
at org.apache.maven.surefire.testng.TestNGDirectoryTestSuite.execute(TestNGDirectoryTestSuite.java:88)
at org.apache.maven.surefire.testng.TestNGProvider.invoke(TestNGProvider.java:137)
at org.apache.maven.surefire.booter.ForkedBooter.runSuitesInProcess(ForkedBooter.java:385)
at org.apache.maven.surefire.booter.ForkedBooter.execute(ForkedBooter.java:162)
at org.apache.maven.surefire.booter.ForkedBooter.run(ForkedBooter.java:507)
at org.apache.maven.surefire.booter.ForkedBooter.main(ForkedBooter.java:495)
]]>
    </failure>
  </testcase> <!-- updateUser_shouldMatchJsonSchema -->
  <testcase classname="api.test.UserTest" name="updateUser_withInvalidUsername_shouldHandleGracefully" time="1.414"/>
  <testcase classname="api.test.UserTest" name="loginUser_shouldReturn200StatusCode" time="1.382"/>
  <testcase classname="api.test.UserTest" name="loginUser_shouldRespondWithinExpectedTime" time="0.002"/>
  <testcase classname="api.test.UserTest" name="loginUser_shouldReturnCorrectContentTypeHeader" time="0.002"/>
  <testcase classname="api.test.UserTest" name="loginUser_shouldReturnValidResponseFieldTypes" time="0.002"/>
  <testcase classname="api.test.UserTest" name="loginUser_shouldReturnCorrectFieldValues" time="0.038"/>
  <testcase classname="api.test.UserTest" name="loginUser_shouldMatchJsonSchema" time="0.021"/>
  <testcase classname="api.test.UserTest" name="logoutUser_shouldReturn200StatusCode" time="1.377"/>
  <testcase classname="api.test.UserTest" name="logoutUser_shouldRespondWithinExpectedTime" time="0.002"/>
  <testcase classname="api.test.UserTest" name="logoutUser_shouldReturnCorrectContentTypeHeader" time="0.002"/>
  <testcase classname="api.test.UserTest" name="logoutUser_shouldReturnValidResponseFieldTypes" time="0.002"/>
  <testcase classname="api.test.UserTest" name="logoutUser_shouldReturnCorrectFieldValues" time="0.036"/>
  <testcase classname="api.test.UserTest" name="logoutUser_shouldMatchJsonSchema" time="0.016"/>
  <testcase classname="api.test.UserTest" name="deleteUser_shouldReturn200StatusCode" time="1.377"/>
  <testcase classname="api.test.UserTest" name="deleteUser_shouldRespondWithinExpectedTime" time="0.003"/>
  <testcase classname="api.test.UserTest" name="deleteUser_shouldReturnValidResponseFieldTypes" time="0.002"/>
  <testcase classname="api.test.UserTest" name="deleteUser_shouldReturnCorrectFieldValues" time="0.039"/>
  <testcase classname="api.test.UserTest" name="deleteUser_shouldMatchJsonSchema" time="0.086"/>
  <testcase classname="api.test.UserTest" name="deletedUser_shouldNotBeFetched_shouldReturn404Error" time="1.361"/>
  <testcase classname="api.test.UserTest" name="createUsersInBulk_shouldReturn200StatusCode" time="1.487"/>
</testsuite> <!-- api.test.UserTest -->
